This is XeTeX, Version 3.14159265-2.6-0.999991 (TeX Live 2019) (preloaded format=xelatex 2020.2.19)  10 AUG 2020 18:22
entering extended mode
 restricted \write18 enabled.
 file:line:error style messages enabled.
 %&-line parsing enabled.
**CurriculumVitae.tex
(./CurriculumVitae.tex
LaTeX2e <2018-12-01>
(/usr/local/texlive/2019/texmf-dist/tex/latex/base/article.cls
Document Class: article 2018/09/03 v1.4i Standard LaTeX document class
(/usr/local/texlive/2019/texmf-dist/tex/latex/base/size10.clo
File: size10.clo 2018/09/03 v1.4i Standard LaTeX file (size option)
)
\c@part=\count80
\c@section=\count81
\c@subsection=\count82
\c@subsubsection=\count83
\c@paragraph=\count84
\c@subparagraph=\count85
\c@figure=\count86
\c@table=\count87
\abovecaptionskip=\skip41
\belowcaptionskip=\skip42
\bibindent=\dimen102
)
(/usr/local/texlive/2019/texmf-dist/tex/latex/xcolor/xcolor.sty
Package: xcolor 2016/05/11 v2.12 LaTeX color extensions (UK)

(/usr/local/texlive/2019/texmf-dist/tex/latex/graphics-cfg/color.cfg
File: color.cfg 2016/01/02 v1.6 sample color configuration
)
Package xcolor Info: Package option `usenames' ignored on input line 216.
Package xcolor Info: Driver file: xetex.def on input line 225.

(/usr/local/texlive/2019/texmf-dist/tex/latex/graphics-def/xetex.def
File: xetex.def 2017/06/24 v5.0h Graphics/color driver for xetex
)
Package xcolor Info: Model `cmy' substituted by `cmy0' on input line 1348.
Package xcolor Info: Model `RGB' extended on input line 1364.
Package xcolor Info: Model `HTML' substituted by `rgb' on input line 1366.
Package xcolor Info: Model `Hsb' substituted by `hsb' on input line 1367.
Package xcolor Info: Model `tHsb' substituted by `hsb' on input line 1368.
Package xcolor Info: Model `HSB' substituted by `hsb' on input line 1369.
Package xcolor Info: Model `Gray' substituted by `gray' on input line 1370.
Package xcolor Info: Model `wave' substituted by `hsb' on input line 1371.

(/usr/local/texlive/2019/texmf-dist/tex/latex/graphics/dvipsnam.def
File: dvipsnam.def 2016/06/17 v3.0m Driver-dependent file (DPC,SPQR)
))
(/usr/local/texlive/2019/texmf-dist/tex/latex/geometry/geometry.sty
Package: geometry 2018/04/16 v5.8 Page Geometry

(/usr/local/texlive/2019/texmf-dist/tex/latex/graphics/keyval.sty
Package: keyval 2014/10/28 v1.15 key=value parser (DPC)
\KV@toks@=\toks14
)
(/usr/local/texlive/2019/texmf-dist/tex/generic/oberdiek/ifpdf.sty
Package: ifpdf 2018/09/07 v3.3 Provides the ifpdf switch
)
(/usr/local/texlive/2019/texmf-dist/tex/generic/oberdiek/ifvtex.sty
Package: ifvtex 2016/05/16 v1.6 Detect VTeX and its facilities (HO)
Package ifvtex Info: VTeX not detected.
)
(/usr/local/texlive/2019/texmf-dist/tex/generic/ifxetex/ifxetex.sty
Package: ifxetex 2010/09/12 v0.6 Provides ifxetex conditional
)
\Gm@cnth=\count88
\Gm@cntv=\count89
\c@Gm@tempcnt=\count90
\Gm@bindingoffset=\dimen103
\Gm@wd@mp=\dimen104
\Gm@odd@mp=\dimen105
\Gm@even@mp=\dimen106
\Gm@layoutwidth=\dimen107
\Gm@layoutheight=\dimen108
\Gm@layouthoffset=\dimen109
\Gm@layoutvoffset=\dimen110
\Gm@dimlist=\toks15
)
(./preamble.tex
(/usr/local/texlive/2019/texmf-dist/tex/latex/graphics/graphicx.sty
Package: graphicx 2017/06/01 v1.1a Enhanced LaTeX Graphics (DPC,SPQR)

(/usr/local/texlive/2019/texmf-dist/tex/latex/graphics/graphics.sty
Package: graphics 2017/06/25 v1.2c Standard LaTeX Graphics (DPC,SPQR)

(/usr/local/texlive/2019/texmf-dist/tex/latex/graphics/trig.sty
Package: trig 2016/01/03 v1.10 sin cos tan (DPC)
)
(/usr/local/texlive/2019/texmf-dist/tex/latex/graphics-cfg/graphics.cfg
File: graphics.cfg 2016/06/04 v1.11 sample graphics configuration
)
Package graphics Info: Driver file: xetex.def on input line 99.
)
\Gin@req@height=\dimen111
\Gin@req@width=\dimen112
)
(/usr/local/texlive/2019/texmf-dist/tex/latex/amsmath/amsmath.sty
Package: amsmath 2018/12/01 v2.17b AMS math features
\@mathmargin=\skip43

For additional information on amsmath, use the `?' option.
(/usr/local/texlive/2019/texmf-dist/tex/latex/amsmath/amstext.sty
Package: amstext 2000/06/29 v2.01 AMS text

(/usr/local/texlive/2019/texmf-dist/tex/latex/amsmath/amsgen.sty
File: amsgen.sty 1999/11/30 v2.0 generic functions
\@emptytoks=\toks16
\ex@=\dimen113
))
(/usr/local/texlive/2019/texmf-dist/tex/latex/amsmath/amsbsy.sty
Package: amsbsy 1999/11/29 v1.2d Bold Symbols
\pmbraise@=\dimen114
)
(/usr/local/texlive/2019/texmf-dist/tex/latex/amsmath/amsopn.sty
Package: amsopn 2016/03/08 v2.02 operator names
)
\inf@bad=\count91
LaTeX Info: Redefining \frac on input line 223.
\uproot@=\count92
\leftroot@=\count93
LaTeX Info: Redefining \overline on input line 385.
\classnum@=\count94
\DOTSCASE@=\count95
LaTeX Info: Redefining \ldots on input line 482.
LaTeX Info: Redefining \dots on input line 485.
LaTeX Info: Redefining \cdots on input line 606.
\Mathstrutbox@=\box27
\strutbox@=\box28
\big@size=\dimen115
LaTeX Font Info:    Redeclaring font encoding OML on input line 729.
LaTeX Font Info:    Redeclaring font encoding OMS on input line 730.
\macc@depth=\count96
\c@MaxMatrixCols=\count97
\dotsspace@=\muskip10
\c@parentequation=\count98
\dspbrk@lvl=\count99
\tag@help=\toks17
\row@=\count100
\column@=\count101
\maxfields@=\count102
\andhelp@=\toks18
\eqnshift@=\dimen116
\alignsep@=\dimen117
\tagshift@=\dimen118
\tagwidth@=\dimen119
\totwidth@=\dimen120
\lineht@=\dimen121
\@envbody=\toks19
\multlinegap=\skip44
\multlinetaggap=\skip45
\mathdisplay@stack=\toks20
LaTeX Info: Redefining \[ on input line 2844.
LaTeX Info: Redefining \] on input line 2845.
)
(/usr/local/texlive/2019/texmf-dist/tex/latex/oberdiek/epstopdf.sty
Package: epstopdf 2016/05/15 v2.6 Conversion with epstopdf on the fly (HO)

(/usr/local/texlive/2019/texmf-dist/tex/latex/oberdiek/epstopdf-base.sty
Package: epstopdf-base 2016/05/15 v2.6 Base part for package epstopdf

(/usr/local/texlive/2019/texmf-dist/tex/generic/oberdiek/infwarerr.sty
Package: infwarerr 2016/05/16 v1.4 Providing info/warning/error messages (HO)
)
(/usr/local/texlive/2019/texmf-dist/tex/latex/oberdiek/grfext.sty
Package: grfext 2016/05/16 v1.2 Manage graphics extensions (HO)

(/usr/local/texlive/2019/texmf-dist/tex/generic/oberdiek/kvdefinekeys.sty
Package: kvdefinekeys 2016/05/16 v1.4 Define keys (HO)

(/usr/local/texlive/2019/texmf-dist/tex/generic/oberdiek/ltxcmds.sty
Package: ltxcmds 2016/05/16 v1.23 LaTeX kernel commands for general use (HO)
)))
(/usr/local/texlive/2019/texmf-dist/tex/latex/oberdiek/kvoptions.sty
Package: kvoptions 2016/05/16 v3.12 Key value format for package options (HO)

(/usr/local/texlive/2019/texmf-dist/tex/generic/oberdiek/kvsetkeys.sty
Package: kvsetkeys 2016/05/16 v1.17 Key value parser (HO)

(/usr/local/texlive/2019/texmf-dist/tex/generic/oberdiek/etexcmds.sty
Package: etexcmds 2016/05/16 v1.6 Avoid name clashes with e-TeX commands (HO)

(/usr/local/texlive/2019/texmf-dist/tex/generic/oberdiek/ifluatex.sty
Package: ifluatex 2016/05/16 v1.4 Provides the ifluatex switch (HO)
Package ifluatex Info: LuaTeX not detected.
))))
(/usr/local/texlive/2019/texmf-dist/tex/generic/oberdiek/pdftexcmds.sty
Package: pdftexcmds 2018/09/10 v0.29 Utility functions of pdfTeX for LuaTeX (HO
)
Package pdftexcmds Info: LuaTeX not detected.
Package pdftexcmds Info: pdfTeX >= 1.30 not detected.
Package pdftexcmds Info: \pdf@primitive is available.
Package pdftexcmds Info: \pdf@ifprimitive is available.
Package pdftexcmds Info: \pdfdraftmode not found.
)

Package epstopdf Warning: Drivers other than `pdftex' and `luatex' are not supp
orted.

)) (/usr/local/texlive/2019/texmf-dist/tex/latex/datetime/datetime.sty
Package: datetime 2015/03/20 v2.60 Date Time Package

(/usr/local/texlive/2019/texmf-dist/tex/latex/etoolbox/etoolbox.sty
Package: etoolbox 2018/08/19 v2.5f e-TeX tools for LaTeX (JAW)
\etb@tempcnta=\count103
)
(/usr/local/texlive/2019/texmf-dist/tex/latex/fmtcount/fmtcount.sty
Invalid UTF-8 byte or sequence at line 10 replaced by U+FFFD.
Invalid UTF-8 byte or sequence at line 22 replaced by U+FFFD.
Package: fmtcount 2017/12/24 v3.05

(/usr/local/texlive/2019/texmf-dist/tex/latex/base/ifthen.sty
Package: ifthen 2014/09/29 v1.1c Standard LaTeX ifthen package (DPC)
)
(/usr/local/texlive/2019/texmf-dist/tex/latex/xkeyval/xkeyval.sty
Package: xkeyval 2014/12/03 v2.7a package option processing (HA)

(/usr/local/texlive/2019/texmf-dist/tex/generic/xkeyval/xkeyval.tex
(/usr/local/texlive/2019/texmf-dist/tex/generic/xkeyval/xkvutils.tex
\XKV@toks=\toks21
\XKV@tempa@toks=\toks22
)
\XKV@depth=\count104
File: xkeyval.tex 2014/12/03 v2.7a key=value parser (HA)
))
(/usr/local/texlive/2019/texmf-dist/tex/latex/fmtcount/fcprefix.sty
Invalid UTF-8 byte or sequence at line 10 replaced by U+FFFD.
Invalid UTF-8 byte or sequence at line 22 replaced by U+FFFD.
Package: fcprefix 2012/09/28

(/usr/local/texlive/2019/texmf-dist/tex/latex/fmtcount/fcnumparser.sty
Invalid UTF-8 byte or sequence at line 10 replaced by U+FFFD.
Invalid UTF-8 byte or sequence at line 22 replaced by U+FFFD.
Package: fcnumparser 2017/06/15
\fc@digit@counter=\count105
))
\c@padzeroesN=\count106
\fc@tmpcatcode=\count107
\@DT@modctr=\count108
\@ordinalctr=\count109
\@orgargctr=\count110
\@strctr=\count111
\@tmpstrctr=\count112
\@DT@loopN=\count113
\@DT@X=\count114
)
(/usr/local/texlive/2019/texmf-dist/tex/latex/datetime/datetime-defaults.sty
Package: datetime-defaults 2013/09/10
)
\@day=\count115
\@month=\count116
\@year=\count117
\c@HOUR=\count118
\c@HOURXII=\count119
\c@MINUTE=\count120
\c@TOHOUR=\count121
\c@TOMINUTE=\count122
\c@SECOND=\count123
\currenthour=\count124
\currentminute=\count125
\currentsecond=\count126
Package datetime Info: No datetime.cfg file found, using default settings on in
put line 308.
\@dtctr=\count127
\dayofyear=\count128
\dayofweek=\count129
LaTeX Info: Redefining \today on input line 736.
\dt@a=\toks23
\dt@b=\toks24
)
(/usr/local/texlive/2019/texmf-dist/tex/latex/tools/enumerate.sty
Package: enumerate 2015/07/23 v3.00 enumerate extensions (DPC)
\@enLab=\toks25
)
(/usr/local/texlive/2019/texmf-dist/tex/latex/wrapfig/wrapfig.sty
\wrapoverhang=\dimen122
\WF@size=\dimen123
\c@WF@wrappedlines=\count130
\WF@box=\box29
\WF@everypar=\toks26
Package: wrapfig 2003/01/31  v 3.6
)
(/usr/local/texlive/2019/texmf-dist/tex/latex/amsfonts/amssymb.sty
Package: amssymb 2013/01/14 v3.01 AMS font symbols

(/usr/local/texlive/2019/texmf-dist/tex/latex/amsfonts/amsfonts.sty
Package: amsfonts 2013/01/14 v3.01 Basic AMSFonts support
\symAMSa=\mathgroup4
\symAMSb=\mathgroup5
LaTeX Font Info:    Overwriting math alphabet `\mathfrak' in version `bold'
(Font)                  U/euf/m/n --> U/euf/b/n on input line 106.
))
(/usr/local/texlive/2019/texmf-dist/tex/latex/caption/caption.sty
Package: caption 2018/10/06 v3.3-154 Customizing captions (AR)

(/usr/local/texlive/2019/texmf-dist/tex/latex/caption/caption3.sty
Package: caption3 2018/09/12 v1.8c caption3 kernel (AR)
Package caption3 Info: TeX engine: e-TeX on input line 64.
\captionmargin=\dimen124
\captionmargin@=\dimen125
\captionwidth=\dimen126
\caption@tempdima=\dimen127
\caption@indent=\dimen128
\caption@parindent=\dimen129
\caption@hangindent=\dimen130
)
\c@caption@flags=\count131
\c@ContinuedFloat=\count132
Package caption Info: wrapfig package is loaded.
)
(/usr/local/texlive/2019/texmf-dist/tex/latex/fancyhdr/fancyhdr.sty
Package: fancyhdr 2019/01/31 v3.10 Extensive control of page headers and footer
s
\f@nch@headwidth=\skip46
\f@nch@O@elh=\skip47
\f@nch@O@erh=\skip48
\f@nch@O@olh=\skip49
\f@nch@O@orh=\skip50
\f@nch@O@elf=\skip51
\f@nch@O@erf=\skip52
\f@nch@O@olf=\skip53
\f@nch@O@orf=\skip54
)
(/usr/local/texlive/2019/texmf-dist/tex/latex/xhfill/xhfill.sty
(/usr/local/texlive/2019/texmf-dist/tex/latex/tools/calc.sty
Package: calc 2017/05/25 v4.3 Infix arithmetic (KKT,FJ)
\calc@Acount=\count133
\calc@Bcount=\count134
\calc@Adimen=\dimen131
\calc@Bdimen=\dimen132
\calc@Askip=\skip55
\calc@Bskip=\skip56
LaTeX Info: Redefining \setlength on input line 80.
LaTeX Info: Redefining \addtolength on input line 81.
\calc@Ccount=\count135
\calc@Cskip=\skip57
)
(/usr/local/texlive/2019/texmf-dist/tex/latex/tools/xspace.sty
Package: xspace 2014/10/28 v1.13 Space after command names (DPC,MH)
)
Package: xhfill 2011/05/14\ v 1.01\ modify width and color of hrulefill
)
(/usr/local/texlive/2019/texmf-dist/tex/latex/enumitem/enumitem.sty
Package: enumitem 2019/02/04 v3.8 Customized lists
\labelindent=\skip58
\enit@outerparindent=\dimen133
\enit@toks=\toks27
\enit@inbox=\box30
\enit@count@id=\count136
\enitdp@description=\count137
)
(/usr/local/texlive/2019/texmf-dist/tex/latex/soul/soul.sty
Package: soul 2003/11/17 v2.4 letterspacing/underlining (mf)
\SOUL@word=\toks28
\SOUL@lasttoken=\toks29
\SOUL@cmds=\toks30
\SOUL@buffer=\toks31
\SOUL@token=\toks32
\SOUL@spaceskip=\skip59
\SOUL@ttwidth=\dimen134
\SOUL@uldp=\dimen135
\SOUL@ulht=\dimen136
)
(/usr/local/texlive/2019/texmf-dist/tex/latex/koma-script/scrextend.sty
Package: scrextend 2019/02/01 v3.26b KOMA-Script package (extend other classes 
with features of KOMA-Script classes)

(/usr/local/texlive/2019/texmf-dist/tex/latex/koma-script/scrkbase.sty
Package: scrkbase 2019/02/01 v3.26b KOMA-Script package (KOMA-Script-dependent 
basics and keyval usage)

(/usr/local/texlive/2019/texmf-dist/tex/latex/koma-script/scrbase.sty
Package: scrbase 2019/02/01 v3.26b KOMA-Script package (KOMA-Script-independent
 basics and keyval usage)

(/usr/local/texlive/2019/texmf-dist/tex/latex/koma-script/scrlfile.sty
Package: scrlfile 2019/02/01 v3.26b KOMA-Script package (loading files)
))))
(/usr/local/texlive/2019/texmf-dist/tex/latex/lastpage/lastpage.sty
Package: lastpage 2015/03/29 v1.2m Refers to last page's name (HMM; JPG)
)
(/usr/local/texlive/2019/texmf-dist/tex/latex/pgf/frontendlayer/tikz.sty
(/usr/local/texlive/2019/texmf-dist/tex/latex/pgf/basiclayer/pgf.sty
(/usr/local/texlive/2019/texmf-dist/tex/latex/pgf/utilities/pgfrcs.sty
(/usr/local/texlive/2019/texmf-dist/tex/generic/pgf/utilities/pgfutil-common.te
x
\pgfutil@everybye=\toks33
\pgfutil@tempdima=\dimen137
\pgfutil@tempdimb=\dimen138

(/usr/local/texlive/2019/texmf-dist/tex/generic/pgf/utilities/pgfutil-common-li
sts.tex))
(/usr/local/texlive/2019/texmf-dist/tex/generic/pgf/utilities/pgfutil-latex.def
\pgfutil@abb=\box31
(/usr/local/texlive/2019/texmf-dist/tex/latex/ms/everyshi.sty
Package: everyshi 2001/05/15 v3.00 EveryShipout Package (MS)
))
(/usr/local/texlive/2019/texmf-dist/tex/generic/pgf/utilities/pgfrcs.code.tex
(/usr/local/texlive/2019/texmf-dist/tex/generic/pgf/pgf.revision.tex)
Package: pgfrcs 2019/04/04 v3.1.2 (3.1.2)
))
Package: pgf 2019/04/04 v3.1.2 (3.1.2)

(/usr/local/texlive/2019/texmf-dist/tex/latex/pgf/basiclayer/pgfcore.sty
(/usr/local/texlive/2019/texmf-dist/tex/latex/pgf/systemlayer/pgfsys.sty
(/usr/local/texlive/2019/texmf-dist/tex/generic/pgf/systemlayer/pgfsys.code.tex
Package: pgfsys 2019/04/04 v3.1.2 (3.1.2)
(/usr/local/texlive/2019/texmf-dist/tex/generic/pgf/utilities/pgfkeys.code.tex
\pgfkeys@pathtoks=\toks34
\pgfkeys@temptoks=\toks35

(/usr/local/texlive/2019/texmf-dist/tex/generic/pgf/utilities/pgfkeysfiltered.c
ode.tex
\pgfkeys@tmptoks=\toks36
))
\pgf@x=\dimen139
\pgf@y=\dimen140
\pgf@xa=\dimen141
\pgf@ya=\dimen142
\pgf@xb=\dimen143
\pgf@yb=\dimen144
\pgf@xc=\dimen145
\pgf@yc=\dimen146
\w@pgf@writea=\write3
\r@pgf@reada=\read1
\c@pgf@counta=\count138
\c@pgf@countb=\count139
\c@pgf@countc=\count140
\c@pgf@countd=\count141
\t@pgf@toka=\toks37
\t@pgf@tokb=\toks38
\t@pgf@tokc=\toks39
\pgf@sys@id@count=\count142

(/usr/local/texlive/2019/texmf-dist/tex/generic/pgf/systemlayer/pgf.cfg
File: pgf.cfg 2019/04/04 v3.1.2 (3.1.2)
)
Driver file for pgf: pgfsys-xetex.def

(/usr/local/texlive/2019/texmf-dist/tex/generic/pgf/systemlayer/pgfsys-xetex.de
f
File: pgfsys-xetex.def 2019/04/04 v3.1.2 (3.1.2)

(/usr/local/texlive/2019/texmf-dist/tex/generic/pgf/systemlayer/pgfsys-dvipdfmx
.def
File: pgfsys-dvipdfmx.def 2019/04/04 v3.1.2 (3.1.2)

(/usr/local/texlive/2019/texmf-dist/tex/generic/pgf/systemlayer/pgfsys-common-p
df.def
File: pgfsys-common-pdf.def 2019/04/04 v3.1.2 (3.1.2)
)
\pgfsys@objnum=\count143
)))
(/usr/local/texlive/2019/texmf-dist/tex/generic/pgf/systemlayer/pgfsyssoftpath.
code.tex
File: pgfsyssoftpath.code.tex 2019/04/04 v3.1.2 (3.1.2)
\pgfsyssoftpath@smallbuffer@items=\count144
\pgfsyssoftpath@bigbuffer@items=\count145
)
(/usr/local/texlive/2019/texmf-dist/tex/generic/pgf/systemlayer/pgfsysprotocol.
code.tex
File: pgfsysprotocol.code.tex 2019/04/04 v3.1.2 (3.1.2)
))
(/usr/local/texlive/2019/texmf-dist/tex/generic/pgf/basiclayer/pgfcore.code.tex
Package: pgfcore 2019/04/04 v3.1.2 (3.1.2)
(/usr/local/texlive/2019/texmf-dist/tex/generic/pgf/math/pgfmath.code.tex
(/usr/local/texlive/2019/texmf-dist/tex/generic/pgf/math/pgfmathcalc.code.tex
(/usr/local/texlive/2019/texmf-dist/tex/generic/pgf/math/pgfmathutil.code.tex)
(/usr/local/texlive/2019/texmf-dist/tex/generic/pgf/math/pgfmathparser.code.tex
\pgfmath@dimen=\dimen147
\pgfmath@count=\count146
\pgfmath@box=\box32
\pgfmath@toks=\toks40
\pgfmath@stack@operand=\toks41
\pgfmath@stack@operation=\toks42
)
(/usr/local/texlive/2019/texmf-dist/tex/generic/pgf/math/pgfmathfunctions.code.
tex
(/usr/local/texlive/2019/texmf-dist/tex/generic/pgf/math/pgfmathfunctions.basic
.code.tex)
(/usr/local/texlive/2019/texmf-dist/tex/generic/pgf/math/pgfmathfunctions.trigo
nometric.code.tex)
(/usr/local/texlive/2019/texmf-dist/tex/generic/pgf/math/pgfmathfunctions.rando
m.code.tex)
(/usr/local/texlive/2019/texmf-dist/tex/generic/pgf/math/pgfmathfunctions.compa
rison.code.tex)
(/usr/local/texlive/2019/texmf-dist/tex/generic/pgf/math/pgfmathfunctions.base.
code.tex)
(/usr/local/texlive/2019/texmf-dist/tex/generic/pgf/math/pgfmathfunctions.round
.code.tex)
(/usr/local/texlive/2019/texmf-dist/tex/generic/pgf/math/pgfmathfunctions.misc.
code.tex)
(/usr/local/texlive/2019/texmf-dist/tex/generic/pgf/math/pgfmathfunctions.integ
erarithmetics.code.tex)))
(/usr/local/texlive/2019/texmf-dist/tex/generic/pgf/math/pgfmathfloat.code.tex
\c@pgfmathroundto@lastzeros=\count147
))
(/usr/local/texlive/2019/texmf-dist/tex/generic/pgf/basiclayer/pgfcorepoints.co
de.tex
File: pgfcorepoints.code.tex 2019/04/04 v3.1.2 (3.1.2)
\pgf@picminx=\dimen148
\pgf@picmaxx=\dimen149
\pgf@picminy=\dimen150
\pgf@picmaxy=\dimen151
\pgf@pathminx=\dimen152
\pgf@pathmaxx=\dimen153
\pgf@pathminy=\dimen154
\pgf@pathmaxy=\dimen155
\pgf@xx=\dimen156
\pgf@xy=\dimen157
\pgf@yx=\dimen158
\pgf@yy=\dimen159
\pgf@zx=\dimen160
\pgf@zy=\dimen161
)
(/usr/local/texlive/2019/texmf-dist/tex/generic/pgf/basiclayer/pgfcorepathconst
ruct.code.tex
File: pgfcorepathconstruct.code.tex 2019/04/04 v3.1.2 (3.1.2)
\pgf@path@lastx=\dimen162
\pgf@path@lasty=\dimen163
)
(/usr/local/texlive/2019/texmf-dist/tex/generic/pgf/basiclayer/pgfcorepathusage
.code.tex
File: pgfcorepathusage.code.tex 2019/04/04 v3.1.2 (3.1.2)
\pgf@shorten@end@additional=\dimen164
\pgf@shorten@start@additional=\dimen165
)
(/usr/local/texlive/2019/texmf-dist/tex/generic/pgf/basiclayer/pgfcorescopes.co
de.tex
File: pgfcorescopes.code.tex 2019/04/04 v3.1.2 (3.1.2)
\pgfpic=\box33
\pgf@hbox=\box34
\pgf@layerbox@main=\box35
\pgf@picture@serial@count=\count148
)
(/usr/local/texlive/2019/texmf-dist/tex/generic/pgf/basiclayer/pgfcoregraphicst
ate.code.tex
File: pgfcoregraphicstate.code.tex 2019/04/04 v3.1.2 (3.1.2)
\pgflinewidth=\dimen166
)
(/usr/local/texlive/2019/texmf-dist/tex/generic/pgf/basiclayer/pgfcoretransform
ations.code.tex
File: pgfcoretransformations.code.tex 2019/04/04 v3.1.2 (3.1.2)
\pgf@pt@x=\dimen167
\pgf@pt@y=\dimen168
\pgf@pt@temp=\dimen169
)
(/usr/local/texlive/2019/texmf-dist/tex/generic/pgf/basiclayer/pgfcorequick.cod
e.tex
File: pgfcorequick.code.tex 2019/04/04 v3.1.2 (3.1.2)
)
(/usr/local/texlive/2019/texmf-dist/tex/generic/pgf/basiclayer/pgfcoreobjects.c
ode.tex
File: pgfcoreobjects.code.tex 2019/04/04 v3.1.2 (3.1.2)
)
(/usr/local/texlive/2019/texmf-dist/tex/generic/pgf/basiclayer/pgfcorepathproce
ssing.code.tex
File: pgfcorepathprocessing.code.tex 2019/04/04 v3.1.2 (3.1.2)
)
(/usr/local/texlive/2019/texmf-dist/tex/generic/pgf/basiclayer/pgfcorearrows.co
de.tex
File: pgfcorearrows.code.tex 2019/04/04 v3.1.2 (3.1.2)
\pgfarrowsep=\dimen170
)
(/usr/local/texlive/2019/texmf-dist/tex/generic/pgf/basiclayer/pgfcoreshade.cod
e.tex
File: pgfcoreshade.code.tex 2019/04/04 v3.1.2 (3.1.2)
\pgf@max=\dimen171
\pgf@sys@shading@range@num=\count149
\pgf@shadingcount=\count150
)
(/usr/local/texlive/2019/texmf-dist/tex/generic/pgf/basiclayer/pgfcoreimage.cod
e.tex
File: pgfcoreimage.code.tex 2019/04/04 v3.1.2 (3.1.2)

(/usr/local/texlive/2019/texmf-dist/tex/generic/pgf/basiclayer/pgfcoreexternal.
code.tex
File: pgfcoreexternal.code.tex 2019/04/04 v3.1.2 (3.1.2)
\pgfexternal@startupbox=\box36
))
(/usr/local/texlive/2019/texmf-dist/tex/generic/pgf/basiclayer/pgfcorelayers.co
de.tex
File: pgfcorelayers.code.tex 2019/04/04 v3.1.2 (3.1.2)
)
(/usr/local/texlive/2019/texmf-dist/tex/generic/pgf/basiclayer/pgfcoretranspare
ncy.code.tex
File: pgfcoretransparency.code.tex 2019/04/04 v3.1.2 (3.1.2)
)
(/usr/local/texlive/2019/texmf-dist/tex/generic/pgf/basiclayer/pgfcorepatterns.
code.tex
File: pgfcorepatterns.code.tex 2019/04/04 v3.1.2 (3.1.2)
)
(/usr/local/texlive/2019/texmf-dist/tex/generic/pgf/basiclayer/pgfcorerdf.code.
tex
File: pgfcorerdf.code.tex 2019/04/04 v3.1.2 (3.1.2)
)))
(/usr/local/texlive/2019/texmf-dist/tex/generic/pgf/modules/pgfmoduleshapes.cod
e.tex
File: pgfmoduleshapes.code.tex 2019/04/04 v3.1.2 (3.1.2)
\pgfnodeparttextbox=\box37
)
(/usr/local/texlive/2019/texmf-dist/tex/generic/pgf/modules/pgfmoduleplot.code.
tex
File: pgfmoduleplot.code.tex 2019/04/04 v3.1.2 (3.1.2)
)
(/usr/local/texlive/2019/texmf-dist/tex/latex/pgf/compatibility/pgfcomp-version
-0-65.sty
Package: pgfcomp-version-0-65 2019/04/04 v3.1.2 (3.1.2)
\pgf@nodesepstart=\dimen172
\pgf@nodesepend=\dimen173
)
(/usr/local/texlive/2019/texmf-dist/tex/latex/pgf/compatibility/pgfcomp-version
-1-18.sty
Package: pgfcomp-version-1-18 2019/04/04 v3.1.2 (3.1.2)
))
(/usr/local/texlive/2019/texmf-dist/tex/latex/pgf/utilities/pgffor.sty
(/usr/local/texlive/2019/texmf-dist/tex/latex/pgf/utilities/pgfkeys.sty
(/usr/local/texlive/2019/texmf-dist/tex/generic/pgf/utilities/pgfkeys.code.tex)
) (/usr/local/texlive/2019/texmf-dist/tex/latex/pgf/math/pgfmath.sty
(/usr/local/texlive/2019/texmf-dist/tex/generic/pgf/math/pgfmath.code.tex))
(/usr/local/texlive/2019/texmf-dist/tex/generic/pgf/utilities/pgffor.code.tex
Package: pgffor 2019/04/04 v3.1.2 (3.1.2)

(/usr/local/texlive/2019/texmf-dist/tex/generic/pgf/math/pgfmath.code.tex)
\pgffor@iter=\dimen174
\pgffor@skip=\dimen175
\pgffor@stack=\toks43
\pgffor@toks=\toks44
))
(/usr/local/texlive/2019/texmf-dist/tex/generic/pgf/frontendlayer/tikz/tikz.cod
e.tex
Package: tikz 2019/04/04 v3.1.2 (3.1.2)

(/usr/local/texlive/2019/texmf-dist/tex/generic/pgf/libraries/pgflibraryplothan
dlers.code.tex
File: pgflibraryplothandlers.code.tex 2019/04/04 v3.1.2 (3.1.2)
\pgf@plot@mark@count=\count151
\pgfplotmarksize=\dimen176
)
\tikz@lastx=\dimen177
\tikz@lasty=\dimen178
\tikz@lastxsaved=\dimen179
\tikz@lastysaved=\dimen180
\tikzleveldistance=\dimen181
\tikzsiblingdistance=\dimen182
\tikz@figbox=\box38
\tikz@figbox@bg=\box39
\tikz@tempbox=\box40
\tikz@tempbox@bg=\box41
\tikztreelevel=\count152
\tikznumberofchildren=\count153
\tikznumberofcurrentchild=\count154
\tikz@fig@count=\count155

(/usr/local/texlive/2019/texmf-dist/tex/generic/pgf/modules/pgfmodulematrix.cod
e.tex
File: pgfmodulematrix.code.tex 2019/04/04 v3.1.2 (3.1.2)
\pgfmatrixcurrentrow=\count156
\pgfmatrixcurrentcolumn=\count157
\pgf@matrix@numberofcolumns=\count158
)
\tikz@expandcount=\count159

(/usr/local/texlive/2019/texmf-dist/tex/generic/pgf/frontendlayer/tikz/librarie
s/tikzlibrarytopaths.code.tex
File: tikzlibrarytopaths.code.tex 2019/04/04 v3.1.2 (3.1.2)
)))
(/usr/local/texlive/2019/texmf-dist/tex/latex/sectsty/sectsty.sty
Package: sectsty 2002/02/25 v2.0.2 Commands to change all sectional heading sty
les
)
\c@mycounter=\count160

(/usr/local/texlive/2019/texmf-dist/tex/latex/biblatex/biblatex.sty
Package: biblatex 2018/11/02 v3.12 programmable bibliographies (PK/MW)

(/usr/local/texlive/2019/texmf-dist/tex/latex/logreq/logreq.sty
Package: logreq 2010/08/04 v1.0 xml request logger
\lrq@indent=\count161

(/usr/local/texlive/2019/texmf-dist/tex/latex/logreq/logreq.def
File: logreq.def 2010/08/04 v1.0 logreq spec v1.0
))
(/usr/local/texlive/2019/texmf-dist/tex/latex/url/url.sty
\Urlmuskip=\muskip11
Package: url 2013/09/16  ver 3.4  Verb mode for urls, etc.
)
\c@tabx@nest=\count162
\c@listtotal=\count163
\c@listcount=\count164
\c@liststart=\count165
\c@liststop=\count166
\c@citecount=\count167
\c@citetotal=\count168
\c@multicitecount=\count169
\c@multicitetotal=\count170
\c@instcount=\count171
\c@maxnames=\count172
\c@minnames=\count173
\c@maxitems=\count174
\c@minitems=\count175
\c@citecounter=\count176
\c@maxcitecounter=\count177
\c@savedcitecounter=\count178
\c@uniquelist=\count179
\c@uniquename=\count180
\c@refsection=\count181
\c@refsegment=\count182
\c@maxextratitle=\count183
\c@maxextratitleyear=\count184
\c@maxextraname=\count185
\c@maxextradate=\count186
\c@maxextraalpha=\count187
\c@abbrvpenalty=\count188
\c@highnamepenalty=\count189
\c@lownamepenalty=\count190
\c@maxparens=\count191
\c@parenlevel=\count192
\blx@tempcnta=\count193
\blx@tempcntb=\count194
\blx@tempcntc=\count195
\blx@maxsection=\count196
\blx@maxsegment@0=\count197
\blx@notetype=\count198
\blx@parenlevel@text=\count199
\blx@parenlevel@foot=\count266
\blx@sectionciteorder@0=\count267
\blx@entrysetcounter=\count268
\labelnumberwidth=\skip60
\labelalphawidth=\skip61
\biblabelsep=\skip62
\bibitemsep=\skip63
\bibnamesep=\skip64
\bibinitsep=\skip65
\bibparsep=\skip66
\bibhang=\skip67
\blx@bcfin=\read2
\blx@bcfout=\write4
\c@mincomprange=\count269
\c@maxcomprange=\count270
\c@mincompwidth=\count271
Package biblatex Info: Trying to load biblatex default data model...
Package biblatex Info: ... file 'blx-dm.def' found.

(/usr/local/texlive/2019/texmf-dist/tex/latex/biblatex/blx-dm.def
File: blx-dm.def 2018/11/02 v3.12 biblatex localization (PK/MW)
)
Package biblatex Info: Trying to load biblatex style data model...
Package biblatex Info: ... file 'authoryear.dbx' not found.
Package biblatex Info: Trying to load biblatex custom data model...
Package biblatex Info: ... file 'biblatex-dm.cfg' not found.
\c@afterword=\count272
\c@savedafterword=\count273
\c@annotator=\count274
\c@savedannotator=\count275
\c@author=\count276
\c@savedauthor=\count277
\c@bookauthor=\count278
\c@savedbookauthor=\count279
\c@commentator=\count280
\c@savedcommentator=\count281
\c@editor=\count282
\c@savededitor=\count283
\c@editora=\count284
\c@savededitora=\count285
\c@editorb=\count286
\c@savededitorb=\count287
\c@editorc=\count288
\c@savededitorc=\count289
\c@foreword=\count290
\c@savedforeword=\count291
\c@holder=\count292
\c@savedholder=\count293
\c@introduction=\count294
\c@savedintroduction=\count295
\c@namea=\count296
\c@savednamea=\count297
\c@nameb=\count298
\c@savednameb=\count299
\c@namec=\count300
\c@savednamec=\count301
\c@translator=\count302
\c@savedtranslator=\count303
\c@shortauthor=\count304
\c@savedshortauthor=\count305
\c@shorteditor=\count306
\c@savedshorteditor=\count307
\c@labelname=\count308
\c@savedlabelname=\count309
\c@institution=\count310
\c@savedinstitution=\count311
\c@lista=\count312
\c@savedlista=\count313
\c@listb=\count314
\c@savedlistb=\count315
\c@listc=\count316
\c@savedlistc=\count317
\c@listd=\count318
\c@savedlistd=\count319
\c@liste=\count320
\c@savedliste=\count321
\c@listf=\count322
\c@savedlistf=\count323
\c@location=\count324
\c@savedlocation=\count325
\c@organization=\count326
\c@savedorganization=\count327
\c@origlocation=\count328
\c@savedoriglocation=\count329
\c@origpublisher=\count330
\c@savedorigpublisher=\count331
\c@publisher=\count332
\c@savedpublisher=\count333
\c@language=\count334
\c@savedlanguage=\count335
\c@origlanguage=\count336
\c@savedoriglanguage=\count337
\c@pageref=\count338
\c@savedpageref=\count339
\shorthandwidth=\skip68
\shortjournalwidth=\skip69
\shortserieswidth=\skip70
\shorttitlewidth=\skip71
\shortauthorwidth=\skip72
\shorteditorwidth=\skip73
\locallabelnumberwidth=\skip74
\locallabelalphawidth=\skip75
\localshorthandwidth=\skip76
\localshortjournalwidth=\skip77
\localshortserieswidth=\skip78
\localshorttitlewidth=\skip79
\localshortauthorwidth=\skip80
\localshorteditorwidth=\skip81
Package biblatex Info: Trying to load enhanced support for Unicode engines...
Package biblatex Info: ... file 'blx-unicode.def' found.

(/usr/local/texlive/2019/texmf-dist/tex/latex/biblatex/blx-unicode.def)
Package biblatex Info: Trying to load compatibility code...
Package biblatex Info: ... file 'blx-compat.def' found.

(/usr/local/texlive/2019/texmf-dist/tex/latex/biblatex/blx-compat.def
File: blx-compat.def 2018/11/02 v3.12 biblatex compatibility (PK/MW)
)
Package biblatex Info: Trying to load BibTeX backend compatibility...
Package biblatex Info: ... file 'blx-bibtex.def' found.

(/usr/local/texlive/2019/texmf-dist/tex/latex/biblatex/blx-bibtex.def
File: blx-bibtex.def 2018/11/02 v3.12 biblatex compatibility (PK/MW)


Package biblatex Warning: Using fall-back BibTeX(8) backend:
(biblatex)                functionality may be reduced/unavailable.

)
Package biblatex Info: Trying to load generic definitions...
Package biblatex Info: ... file 'biblatex.def' found.
 (/usr/local/texlive/2019/texmf-dist/tex/latex/biblatex/biblatex.def
File: biblatex.def 2018/11/02 v3.12 biblatex compatibility (PK/MW)
\c@textcitecount=\count340
\c@textcitetotal=\count341
\c@textcitemaxnames=\count342
\c@biburlnumpenalty=\count343
\c@biburlucpenalty=\count344
\c@biburllcpenalty=\count345
\c@smartand=\count346
)
Package biblatex Info: Trying to load bibliography style 'authoryear'...
Package biblatex Info: ... file 'authoryear.bbx' found.

(/usr/local/texlive/2019/texmf-dist/tex/latex/biblatex/bbx/authoryear.bbx
File: authoryear.bbx 2018/11/02 v3.12 biblatex bibliography style (PK/MW)
Package biblatex Info: Trying to load bibliography style 'standard'...
Package biblatex Info: ... file 'standard.bbx' found.

(/usr/local/texlive/2019/texmf-dist/tex/latex/biblatex/bbx/standard.bbx
File: standard.bbx 2018/11/02 v3.12 biblatex bibliography style (PK/MW)
\c@bbx:relatedcount=\count347
\c@bbx:relatedtotal=\count348
))
Package biblatex Info: Trying to load citation style 'authoryear'...
Package biblatex Info: ... file 'authoryear.cbx' found.

(/usr/local/texlive/2019/texmf-dist/tex/latex/biblatex/cbx/authoryear.cbx
File: authoryear.cbx 2018/11/02 v3.12 biblatex citation style (PK/MW)
Package biblatex Info: Redefining '\cite'.
Package biblatex Info: Redefining '\parencite'.
Package biblatex Info: Redefining '\footcite'.
Package biblatex Info: Redefining '\footcitetext'.
Package biblatex Info: Redefining '\smartcite'.
Package biblatex Info: Redefining '\textcite'.
Package biblatex Info: Redefining '\textcites'.
)
Package biblatex Info: Trying to load configuration file...
Package biblatex Info: ... file 'biblatex.cfg' found.

(/usr/local/texlive/2019/texmf-dist/tex/latex/biblatex/biblatex.cfg
File: biblatex.cfg 
)

Package biblatex Warning: 'firstinits' option is deprecated.
(biblatex)                Please use 'giveninits' instead.

)) (/usr/local/texlive/2019/texmf-dist/tex/latex/fontspec/fontspec.sty
(/usr/local/texlive/2019/texmf-dist/tex/latex/l3packages/xparse/xparse.sty
(/usr/local/texlive/2019/texmf-dist/tex/latex/l3kernel/expl3.sty
Package: expl3 2019-05-07 L3 programming layer (loader) 

(/usr/local/texlive/2019/texmf-dist/tex/latex/l3kernel/expl3-code.tex
Package: expl3 2019-05-07 L3 programming layer (code)
\c_max_int=\count349
\l_tmpa_int=\count350
\l_tmpb_int=\count351
\g_tmpa_int=\count352
\g_tmpb_int=\count353
\g__kernel_prg_map_int=\count354
\c__ior_term_ior=\count355
\c_log_iow=\count356
\l_iow_line_count_int=\count357
\l__iow_line_target_int=\count358
\l__iow_one_indent_int=\count359
\l__iow_indent_int=\count360
\c_zero_dim=\dimen183
\c_max_dim=\dimen184
\l_tmpa_dim=\dimen185
\l_tmpb_dim=\dimen186
\g_tmpa_dim=\dimen187
\g_tmpb_dim=\dimen188
\c_zero_skip=\skip82
\c_max_skip=\skip83
\l_tmpa_skip=\skip84
\l_tmpb_skip=\skip85
\g_tmpa_skip=\skip86
\g_tmpb_skip=\skip87
\c_zero_muskip=\muskip12
\c_max_muskip=\muskip13
\l_tmpa_muskip=\muskip14
\l_tmpb_muskip=\muskip15
\g_tmpa_muskip=\muskip16
\g_tmpb_muskip=\muskip17
\l_keys_choice_int=\count361
\l__intarray_loop_int=\count362
\c__intarray_sp_dim=\dimen189
\g__intarray_font_int=\count363
\c__fp_leading_shift_int=\count364
\c__fp_middle_shift_int=\count365
\c__fp_trailing_shift_int=\count366
\c__fp_big_leading_shift_int=\count367
\c__fp_big_middle_shift_int=\count368
\c__fp_big_trailing_shift_int=\count369
\c__fp_Bigg_leading_shift_int=\count370
\c__fp_Bigg_middle_shift_int=\count371
\c__fp_Bigg_trailing_shift_int=\count372
\g__fp_array_int=\count373
\l__fp_array_loop_int=\count374
\l__sort_length_int=\count375
\l__sort_min_int=\count376
\l__sort_top_int=\count377
\l__sort_max_int=\count378
\l__sort_true_max_int=\count379
\l__sort_block_int=\count380
\l__sort_begin_int=\count381
\l__sort_end_int=\count382
\l__sort_A_int=\count383
\l__sort_B_int=\count384
\l__sort_C_int=\count385
\l__tl_analysis_normal_int=\count386
\l__tl_analysis_index_int=\count387
\l__tl_analysis_nesting_int=\count388
\l__tl_analysis_type_int=\count389
\l__regex_internal_a_int=\count390
\l__regex_internal_b_int=\count391
\l__regex_internal_c_int=\count392
\l__regex_balance_int=\count393
\l__regex_group_level_int=\count394
\l__regex_mode_int=\count395
\c__regex_cs_in_class_mode_int=\count396
\c__regex_cs_mode_int=\count397
\l__regex_catcodes_int=\count398
\l__regex_default_catcodes_int=\count399
\c__regex_catcode_L_int=\count400
\c__regex_catcode_O_int=\count401
\c__regex_catcode_A_int=\count402
\c__regex_all_catcodes_int=\count403
\l__regex_show_lines_int=\count404
\l__regex_min_state_int=\count405
\l__regex_max_state_int=\count406
\l__regex_left_state_int=\count407
\l__regex_right_state_int=\count408
\l__regex_capturing_group_int=\count409
\l__regex_min_pos_int=\count410
\l__regex_max_pos_int=\count411
\l__regex_curr_pos_int=\count412
\l__regex_start_pos_int=\count413
\l__regex_success_pos_int=\count414
\l__regex_curr_char_int=\count415
\l__regex_curr_catcode_int=\count416
\l__regex_last_char_int=\count417
\l__regex_case_changed_char_int=\count418
\l__regex_curr_state_int=\count419
\l__regex_step_int=\count420
\l__regex_min_active_int=\count421
\l__regex_max_active_int=\count422
\l__regex_replacement_csnames_int=\count423
\l__regex_match_count_int=\count424
\l__regex_min_submatch_int=\count425
\l__regex_submatch_int=\count426
\l__regex_zeroth_submatch_int=\count427
\g__regex_trace_regex_int=\count428
\c_empty_box=\box42
\l_tmpa_box=\box43
\l_tmpb_box=\box44
\g_tmpa_box=\box45
\g_tmpb_box=\box46
\l__box_top_dim=\dimen190
\l__box_bottom_dim=\dimen191
\l__box_left_dim=\dimen192
\l__box_right_dim=\dimen193
\l__box_top_new_dim=\dimen194
\l__box_bottom_new_dim=\dimen195
\l__box_left_new_dim=\dimen196
\l__box_right_new_dim=\dimen197
\l__box_internal_box=\box47
\l__coffin_internal_box=\box48
\l__coffin_internal_dim=\dimen198
\l__coffin_offset_x_dim=\dimen199
\l__coffin_offset_y_dim=\dimen256
\l__coffin_x_dim=\dimen257
\l__coffin_y_dim=\dimen258
\l__coffin_x_prime_dim=\dimen259
\l__coffin_y_prime_dim=\dimen260
\c_empty_coffin=\box49
\l__coffin_aligned_coffin=\box50
\l__coffin_aligned_internal_coffin=\box51
\l_tmpa_coffin=\box52
\l_tmpb_coffin=\box53
\g_tmpa_coffin=\box54
\g_tmpb_coffin=\box55
\l__coffin_bounding_shift_dim=\dimen261
\l__coffin_left_corner_dim=\dimen262
\l__coffin_right_corner_dim=\dimen263
\l__coffin_bottom_corner_dim=\dimen264
\l__coffin_top_corner_dim=\dimen265
\l__coffin_scaled_total_height_dim=\dimen266
\l__coffin_scaled_width_dim=\dimen267
\c__coffin_empty_coffin=\box56
\l__coffin_display_coffin=\box57
\l__coffin_display_coord_coffin=\box58
\l__coffin_display_pole_coffin=\box59
\l__coffin_display_offset_dim=\dimen268
\l__coffin_display_x_dim=\dimen269
\l__coffin_display_y_dim=\dimen270
\g__file_internal_ior=\read3
\l__seq_internal_a_int=\count429
\l__seq_internal_b_int=\count430
\c__deprecation_minus_one=\count431
)
(/usr/local/texlive/2019/texmf-dist/tex/latex/l3kernel/l3xdvipdfmx.def
File: l3xdvipdfmx.def 2019-04-06 v L3 Experimental driver: xdvipdfmx
\g__driver_image_int=\count432
\l__driver_pdf_tmp_box=\box60
\g__driver_pdf_object_int=\count433
\g__driver_pdf_annotation_int=\count434
))
Package: xparse 2019-05-03 L3 Experimental document command parser
\l__xparse_current_arg_int=\count435
\g__xparse_grabber_int=\count436
\l__xparse_m_args_int=\count437
\l__xparse_v_nesting_int=\count438
)
Package: fontspec 2019/03/15 v2.7c Font selection for XeLaTeX and LuaLaTeX

(/usr/local/texlive/2019/texmf-dist/tex/latex/fontspec/fontspec-xetex.sty
Package: fontspec-xetex 2019/03/15 v2.7c Font selection for XeLaTeX and LuaLaTe
X
\l__fontspec_script_int=\count439
\l__fontspec_language_int=\count440
\l__fontspec_strnum_int=\count441
\l__fontspec_tmp_int=\count442
\l__fontspec_tmpa_int=\count443
\l__fontspec_tmpb_int=\count444
\l__fontspec_tmpc_int=\count445
\l__fontspec_em_int=\count446
\l__fontspec_emdef_int=\count447
\l__fontspec_strong_int=\count448
\l__fontspec_strongdef_int=\count449
\l__fontspec_tmpa_dim=\dimen271
\l__fontspec_tmpb_dim=\dimen272
\l__fontspec_tmpc_dim=\dimen273

(/usr/local/texlive/2019/texmf-dist/tex/latex/base/fontenc.sty
Package: fontenc 2018/08/11 v2.0j Standard LaTeX package

(/usr/local/texlive/2019/texmf-dist/tex/latex/base/tuenc.def
File: tuenc.def 2018/08/11 v2.0j Standard LaTeX file
LaTeX Font Info:    Redeclaring font encoding TU on input line 82.
))
(/usr/local/texlive/2019/texmf-dist/tex/latex/fontspec/fontspec.cfg)
LaTeX Info: Redefining \itshape on input line 4051.
LaTeX Info: Redefining \slshape on input line 4056.
LaTeX Info: Redefining \scshape on input line 4061.
LaTeX Info: Redefining \upshape on input line 4066.
LaTeX Info: Redefining \em on input line 4096.
LaTeX Info: Redefining \emph on input line 4121.
))
(/usr/local/texlive/2019/texmf-dist/tex/latex/tcolorbox/tcolorbox.sty
Package: tcolorbox 2019/03/02 version 4.20 text color boxes

(/usr/local/texlive/2019/texmf-dist/tex/latex/tools/verbatim.sty
Package: verbatim 2014/10/28 v1.5q LaTeX2e package for verbatim enhancements
\every@verbatim=\toks45
\verbatim@line=\toks46
\verbatim@in@stream=\read4
)
(/usr/local/texlive/2019/texmf-dist/tex/latex/environ/environ.sty
Package: environ 2014/05/04 v0.3 A new way to define environments

(/usr/local/texlive/2019/texmf-dist/tex/latex/trimspaces/trimspaces.sty
Package: trimspaces 2009/09/17 v1.1 Trim spaces around a token list
))
\tcb@titlebox=\box61
\tcb@upperbox=\box62
\tcb@lowerbox=\box63
\tcb@phantombox=\box64
\c@tcbbreakpart=\count450
\c@tcblayer=\count451
\tcolorbox@number=\count452
\tcb@temp=\box65
\tcb@temp=\box66
\tcb@temp=\box67
\tcb@temp=\box68
\tcb@out=\write5
\tcb@record@out=\write6
)
(/usr/local/texlive/2019/texmf-dist/tex/latex/etaremune/etaremune.sty
Package: etaremune 2005/06/01 v1.2 Reversed enumerate (HA)
\c@EM@itemctr=\count453
\c@EM@etaremunectr=\count454
)
(/usr/local/texlive/2019/texmf-dist/tex/latex/hyperref/hyperref.sty
Package: hyperref 2018/11/30 v6.88e Hypertext links for LaTeX

(/usr/local/texlive/2019/texmf-dist/tex/generic/oberdiek/hobsub-hyperref.sty
Package: hobsub-hyperref 2016/05/16 v1.14 Bundle oberdiek, subset hyperref (HO)


(/usr/local/texlive/2019/texmf-dist/tex/generic/oberdiek/hobsub-generic.sty
Package: hobsub-generic 2016/05/16 v1.14 Bundle oberdiek, subset generic (HO)
Package: hobsub 2016/05/16 v1.14 Construct package bundles (HO)
Package hobsub Info: Skipping package `infwarerr' (already loaded).
Package hobsub Info: Skipping package `ltxcmds' (already loaded).
Package hobsub Info: Skipping package `ifluatex' (already loaded).
Package hobsub Info: Skipping package `ifvtex' (already loaded).
Package: intcalc 2016/05/16 v1.2 Expandable calculations with integers (HO)
Package hobsub Info: Skipping package `ifpdf' (already loaded).
Package hobsub Info: Skipping package `etexcmds' (already loaded).
Package hobsub Info: Skipping package `kvsetkeys' (already loaded).
Package hobsub Info: Skipping package `kvdefinekeys' (already loaded).
Package hobsub Info: Skipping package `pdftexcmds' (already loaded).
Package: pdfescape 2016/05/16 v1.14 Implements pdfTeX's escape features (HO)
Package: bigintcalc 2016/05/16 v1.4 Expandable calculations on big integers (HO
)
Package: bitset 2016/05/16 v1.2 Handle bit-vector datatype (HO)
Package: uniquecounter 2016/05/16 v1.3 Provide unlimited unique counter (HO)
)
Package hobsub Info: Skipping package `hobsub' (already loaded).
Package: letltxmacro 2016/05/16 v1.5 Let assignment for LaTeX macros (HO)
Package: hopatch 2016/05/16 v1.3 Wrapper for package hooks (HO)
Package: xcolor-patch 2016/05/16 xcolor patch
Package: atveryend 2016/05/16 v1.9 Hooks at the very end of document (HO)
Package: atbegshi 2016/06/09 v1.18 At begin shipout hook (HO)
Package: refcount 2016/05/16 v3.5 Data extraction from label references (HO)
Package: hycolor 2016/05/16 v1.8 Color options for hyperref/bookmark (HO)
)
(/usr/local/texlive/2019/texmf-dist/tex/latex/oberdiek/auxhook.sty
Package: auxhook 2016/05/16 v1.4 Hooks for auxiliary files (HO)
)
\@linkdim=\dimen274
\Hy@linkcounter=\count455
\Hy@pagecounter=\count456

(/usr/local/texlive/2019/texmf-dist/tex/latex/hyperref/pd1enc.def
File: pd1enc.def 2018/11/30 v6.88e Hyperref: PDFDocEncoding definition (HO)
)
\Hy@SavedSpaceFactor=\count457

(/usr/local/texlive/2019/texmf-dist/tex/latex/latexconfig/hyperref.cfg
File: hyperref.cfg 2002/06/06 v1.2 hyperref configuration of TeXLive
)
Package hyperref Info: Option `colorlinks' set `true' on input line 4393.
Package hyperref Info: Hyper figures OFF on input line 4519.
Package hyperref Info: Link nesting OFF on input line 4524.
Package hyperref Info: Hyper index ON on input line 4527.
Package hyperref Info: Plain pages OFF on input line 4534.
Package hyperref Info: Backreferencing OFF on input line 4539.
Package hyperref Info: Implicit mode ON; LaTeX internals redefined.
Package hyperref Info: Bookmarks ON on input line 4772.
\c@Hy@tempcnt=\count458
LaTeX Info: Redefining \url on input line 5125.
\XeTeXLinkMargin=\dimen275
\Fld@menulength=\count459
\Field@Width=\dimen276
\Fld@charsize=\dimen277
Package hyperref Info: Hyper figures OFF on input line 6380.
Package hyperref Info: Link nesting OFF on input line 6385.
Package hyperref Info: Hyper index ON on input line 6388.
Package hyperref Info: backreferencing OFF on input line 6395.
Package hyperref Info: Link coloring ON on input line 6398.
Package hyperref Info: Link coloring with OCG OFF on input line 6405.
Package hyperref Info: PDF/A mode OFF on input line 6410.
LaTeX Info: Redefining \ref on input line 6450.
LaTeX Info: Redefining \pageref on input line 6454.
\Hy@abspage=\count460
\c@Item=\count461
\c@Hfootnote=\count462
)
Package hyperref Info: Driver (autodetected): hxetex.

(/usr/local/texlive/2019/texmf-dist/tex/latex/hyperref/hxetex.def
File: hxetex.def 2018/11/30 v6.88e Hyperref driver for XeTeX

(/usr/local/texlive/2019/texmf-dist/tex/latex/hyperref/puenc.def
File: puenc.def 2018/11/30 v6.88e Hyperref: PDF Unicode definition (HO)
)
(/usr/local/texlive/2019/texmf-dist/tex/generic/oberdiek/stringenc.sty
Package: stringenc 2016/05/16 v1.11 Convert strings between diff. encodings (HO
)
)
\pdfm@box=\box69
\c@Hy@AnnotLevel=\count463
\HyField@AnnotCount=\count464
\Fld@listcount=\count465
\c@bookmark@seq@number=\count466

(/usr/local/texlive/2019/texmf-dist/tex/latex/oberdiek/rerunfilecheck.sty
Package: rerunfilecheck 2016/05/16 v1.8 Rerun checks for auxiliary files (HO)
Package uniquecounter Info: New unique counter `rerunfilecheck' on input line 2
82.
)
\Hy@SectionHShift=\skip88
)
Package biblatex Info: Trying to load language 'english'...
Package biblatex Info: ... file 'english.lbx' found.

(/usr/local/texlive/2019/texmf-dist/tex/latex/biblatex/lbx/english.lbx
File: english.lbx 2018/11/02 v3.12 biblatex localization (PK/MW)
)
\@quotelevel=\count467
\@quotereset=\count468


Package biblatex Warning: Conflicting options.
(biblatex)                '<namepart>inits' conflicts with 'uniquename=full'.
(biblatex)                Setting 'uniquename=init' on input line 20.

(./CurriculumVitae.aux)
\openout1 = `CurriculumVitae.aux'.

LaTeX Font Info:    Checking defaults for OML/cmm/m/it on input line 20.
LaTeX Font Info:    ... okay on input line 20.
LaTeX Font Info:    Checking defaults for T1/cmr/m/n on input line 20.
LaTeX Font Info:    ... okay on input line 20.
LaTeX Font Info:    Checking defaults for OT1/cmr/m/n on input line 20.
LaTeX Font Info:    ... okay on input line 20.
LaTeX Font Info:    Checking defaults for OMS/cmsy/m/n on input line 20.
LaTeX Font Info:    ... okay on input line 20.
LaTeX Font Info:    Checking defaults for TU/lmr/m/n on input line 20.
LaTeX Font Info:    ... okay on input line 20.
LaTeX Font Info:    Checking defaults for OMX/cmex/m/n on input line 20.
LaTeX Font Info:    ... okay on input line 20.
LaTeX Font Info:    Checking defaults for U/cmr/m/n on input line 20.
LaTeX Font Info:    ... okay on input line 20.
LaTeX Font Info:    Checking defaults for PD1/pdf/m/n on input line 20.
LaTeX Font Info:    ... okay on input line 20.
LaTeX Font Info:    Checking defaults for PU/pdf/m/n on input line 20.
LaTeX Font Info:    ... okay on input line 20.

*geometry* driver: auto-detecting
*geometry* detected driver: xetex
*geometry* verbose mode - [ preamble ] result:
* driver: xetex
* paper: a4paper
* layout: <same size as paper>
* layoutoffset:(h,v)=(0.0pt,0.0pt)
* modes: 
* h-part:(L,W,R)=(78.24507pt, 455.24411pt, 64.01869pt)
* v-part:(T,H,B)=(71.13188pt, 674.33032pt, 99.58464pt)
* \paperwidth=597.50787pt
* \paperheight=845.04684pt
* \textwidth=455.24411pt
* \textheight=674.33032pt
* \oddsidemargin=5.97508pt
* \evensidemargin=5.97508pt
* \topmargin=-38.1381pt
* \headheight=-6.0pt
* \headsep=25.0pt
* \topskip=10.0pt
* \footskip=42.67912pt
* \marginparwidth=65.0pt
* \marginparsep=11.0pt
* \columnsep=10.0pt
* \skip\footins=9.0pt plus 4.0pt minus 2.0pt
* \hoffset=0.0pt
* \voffset=0.0pt
* \mag=1000
* \@twocolumnfalse
* \@twosidefalse
* \@mparswitchfalse
* \@reversemarginfalse
* (1in=72.27pt=25.4mm, 1cm=28.453pt)

(/usr/local/texlive/2019/texmf-dist/tex/latex/fmtcount/fc-english.def
Invalid UTF-8 byte or sequence at line 10 replaced by U+FFFD.
Invalid UTF-8 byte or sequence at line 22 replaced by U+FFFD.
File: fc-english.def 2016/01/12
)
Package caption Info: Begin \AtBeginDocument code.
Package caption Info: hyperref package is loaded.
Package caption Info: End \AtBeginDocument code.
Package lastpage Info: Please have a look at the pageslts package at
(lastpage)             https://www.ctan.org/pkg/pageslts
(lastpage)             ! on input line 20.

ABD: EveryShipout initializing macros
Package biblatex Info: XeTeX detected.
(biblatex)             Assuming input encoding 'utf8'.
Package biblatex Info: Automatic encoding selection.
(biblatex)             Assuming data encoding 'utf8'.
Package biblatex Info: Input encoding 'utf8' specified.
Package biblatex Info: Data encoding 'utf8' specified.
(biblatex)             No need to reencode data.
\openout4 = `CurriculumVitae-blx.bib'.

Package biblatex Info: Trying to load bibliographic data...
Package biblatex Info: ... file 'CurriculumVitae.bbl' found.
 (./CurriculumVitae.bbl

Package biblatex Warning: BibTeX reported the following issues
(biblatex)                with 'bhat2010a':
(biblatex)                - Invalid format of field 'month'.


Package biblatex Warning: BibTeX reported the following issues
(biblatex)                with 'biegel2010':
(biblatex)                - Invalid format of field 'month'.


Package biblatex Warning: BibTeX reported the following issues
(biblatex)                with 'templeton2010':
(biblatex)                - Invalid format of field 'month'.

)
Package biblatex Info: Reference section=0 on input line 20.
Package biblatex Info: Reference segment=0 on input line 20.

Package fontspec Info: Adjusting the maths setup (use [no-math] to avoid
(fontspec)             this).

\symlegacymaths=\mathgroup6
LaTeX Font Info:    Overwriting symbol font `legacymaths' in version `bold'
(Font)                  OT1/cmr/m/n --> OT1/cmr/bx/n on input line 20.
LaTeX Font Info:    Redeclaring math accent \acute on input line 20.
LaTeX Font Info:    Redeclaring math accent \grave on input line 20.
LaTeX Font Info:    Redeclaring math accent \ddot on input line 20.
LaTeX Font Info:    Redeclaring math accent \tilde on input line 20.
LaTeX Font Info:    Redeclaring math accent \bar on input line 20.
LaTeX Font Info:    Redeclaring math accent \breve on input line 20.
LaTeX Font Info:    Redeclaring math accent \check on input line 20.
LaTeX Font Info:    Redeclaring math accent \hat on input line 20.
LaTeX Font Info:    Redeclaring math accent \dot on input line 20.
LaTeX Font Info:    Redeclaring math accent \mathring on input line 20.
LaTeX Font Info:    Redeclaring math symbol \Gamma on input line 20.
LaTeX Font Info:    Redeclaring math symbol \Delta on input line 20.
LaTeX Font Info:    Redeclaring math symbol \Theta on input line 20.
LaTeX Font Info:    Redeclaring math symbol \Lambda on input line 20.
LaTeX Font Info:    Redeclaring math symbol \Xi on input line 20.
LaTeX Font Info:    Redeclaring math symbol \Pi on input line 20.
LaTeX Font Info:    Redeclaring math symbol \Sigma on input line 20.
LaTeX Font Info:    Redeclaring math symbol \Upsilon on input line 20.
LaTeX Font Info:    Redeclaring math symbol \Phi on input line 20.
LaTeX Font Info:    Redeclaring math symbol \Psi on input line 20.
LaTeX Font Info:    Redeclaring math symbol \Omega on input line 20.
LaTeX Font Info:    Redeclaring math symbol \mathdollar on input line 20.
LaTeX Font Info:    Redeclaring symbol font `operators' on input line 20.
LaTeX Font Info:    Encoding `OT1' has changed to `TU' for symbol font
(Font)              `operators' in the math version `normal' on input line 20.
LaTeX Font Info:    Overwriting symbol font `operators' in version `normal'
(Font)                  OT1/cmr/m/n --> TU/lmr/m/n on input line 20.
LaTeX Font Info:    Encoding `OT1' has changed to `TU' for symbol font
(Font)              `operators' in the math version `bold' on input line 20.
LaTeX Font Info:    Overwriting symbol font `operators' in version `bold'
(Font)                  OT1/cmr/bx/n --> TU/lmr/m/n on input line 20.
LaTeX Font Info:    Overwriting symbol font `operators' in version `normal'
(Font)                  TU/lmr/m/n --> TU/lmr/m/n on input line 20.
LaTeX Font Info:    Overwriting math alphabet `\mathit' in version `normal'
(Font)                  OT1/cmr/m/it --> TU/lmr/m/it on input line 20.
LaTeX Font Info:    Overwriting math alphabet `\mathbf' in version `normal'
(Font)                  OT1/cmr/bx/n --> TU/lmr/bx/n on input line 20.
LaTeX Font Info:    Overwriting math alphabet `\mathsf' in version `normal'
(Font)                  OT1/cmss/m/n --> TU/lmss/m/n on input line 20.
LaTeX Font Info:    Overwriting math alphabet `\mathtt' in version `normal'
(Font)                  OT1/cmtt/m/n --> TU/lmtt/m/n on input line 20.
LaTeX Font Info:    Overwriting symbol font `operators' in version `bold'
(Font)                  TU/lmr/m/n --> TU/lmr/bx/n on input line 20.
LaTeX Font Info:    Overwriting math alphabet `\mathit' in version `bold'
(Font)                  OT1/cmr/bx/it --> TU/lmr/bx/it on input line 20.
LaTeX Font Info:    Overwriting math alphabet `\mathsf' in version `bold'
(Font)                  OT1/cmss/bx/n --> TU/lmss/bx/n on input line 20.
LaTeX Font Info:    Overwriting math alphabet `\mathtt' in version `bold'
(Font)                  OT1/cmtt/m/n --> TU/lmtt/bx/n on input line 20.
\AtBeginShipoutBox=\box70
Package hyperref Info: Link coloring ON on input line 20.
 (/usr/local/texlive/2019/texmf-dist/tex/latex/hyperref/nameref.sty
Package: nameref 2016/05/21 v2.44 Cross-referencing by name of section

(/usr/local/texlive/2019/texmf-dist/tex/generic/oberdiek/gettitlestring.sty
Package: gettitlestring 2016/05/16 v1.5 Cleanup title references (HO)
)
\c@section@level=\count469
)
LaTeX Info: Redefining \ref on input line 20.
LaTeX Info: Redefining \pageref on input line 20.
LaTeX Info: Redefining \nameref on input line 20.

(./CurriculumVitae.out) (./CurriculumVitae.out)
\@outlinefile=\write7
\openout7 = `CurriculumVitae.out'.


Package fontspec Info: Font family 'Arial(0)' created for font 'Arial' with
(fontspec)             options [Ligatures=TeX,Mapping=tex-text].
(fontspec)              
(fontspec)              This font family consists of the following NFSS
(fontspec)             series/shapes:
(fontspec)              
(fontspec)             - 'normal' (m/n) with NFSS spec.:
(fontspec)             <->"Arial/OT:script=latn;language=DFLT;mapping=tex-text;
"
(fontspec)             - 'small caps'  (m/sc) with NFSS spec.: 
(fontspec)             - 'bold' (bx/n) with NFSS spec.:
(fontspec)             <->"Arial/B/OT:script=latn;language=DFLT;mapping=tex-tex
t;"
(fontspec)             - 'bold small caps'  (bx/sc) with NFSS spec.: 
(fontspec)             - 'italic' (m/it) with NFSS spec.:
(fontspec)             <->"Arial/I/OT:script=latn;language=DFLT;mapping=tex-tex
t;"
(fontspec)             - 'italic small caps'  (m/itsc) with NFSS spec.: 
(fontspec)             - 'bold italic' (bx/it) with NFSS spec.:
(fontspec)             <->"Arial/BI/OT:script=latn;language=DFLT;mapping=tex-te
xt;"
(fontspec)             - 'bold italic small caps'  (bx/itsc) with NFSS spec.: 

LaTeX Info: Redefining \rmfamily on input line 26.

Underfull \hbox (badness 10000) in paragraph at lines 29--30

 []


Underfull \hbox (badness 10000) in paragraph at lines 31--32

 []


Underfull \hbox (badness 10000) in paragraph at lines 33--40

 []

LaTeX Font Info:    Try loading font information for U+msa on input line 40.
(/usr/local/texlive/2019/texmf-dist/tex/latex/amsfonts/umsa.fd
File: umsa.fd 2013/01/14 v3.01 AMS symbols A
)
LaTeX Font Info:    Try loading font information for U+msb on input line 40.

(/usr/local/texlive/2019/texmf-dist/tex/latex/amsfonts/umsb.fd
File: umsb.fd 2013/01/14 v3.01 AMS symbols B
)
Underfull \hbox (badness 10000) in paragraph at lines 49--49

 []


Overfull \hbox (10.0pt too wide) in paragraph at lines 49--49
[][] 
 []


Underfull \hbox (badness 10000) in paragraph at lines 58--58

 []


Underfull \hbox (badness 10000) in paragraph at lines 75--75

 []


Overfull \hbox (5.30923pt too wide) in paragraph at lines 75--75
[][] 
 []


Underfull \hbox (badness 10000) in paragraph at lines 79--79

 []


Underfull \hbox (badness 10000) in paragraph at lines 85--85

 []


Underfull \hbox (badness 10000) in paragraph at lines 90--90

 []

LaTeX Font Info:    Font shape `TU/Arial(0)/m/sl' in size <10> not available
(Font)              Font shape `TU/Arial(0)/m/it' tried instead on input line 9
0.

Package Fancyhdr Warning: \headheight is too small (-6.0pt): 
Make it at least 12.0pt.
We now make it that large for the rest of the document.
This may cause the page layout to be inconsistent, however.


Overfull \vbox (6.0pt too high) has occurred while \output is active []


(/usr/local/texlive/2019/texmf-dist/tex/generic/oberdiek/se-ascii-print.def
File: se-ascii-print.def 2016/05/16 v1.11 stringenc: Printable ASCII characters

)
[1

]
Underfull \hbox (badness 10000) in paragraph at lines 91--97

 []


Underfull \hbox (badness 10000) in paragraph at lines 102--102

 []

Package biblatex Info: Reference segment=1 on input line 106.
Package biblatex Info: Setting label 'refsegment:01' on input line 106.
Package biblatex Info: Reference segment=0 on input line 110.

Underfull \hbox (badness 10000) in paragraph at lines 131--131

 []


Underfull \hbox (badness 10000) in paragraph at lines 196--196

 []

[2]
Underfull \hbox (badness 10000) in paragraph at lines 196--196

 []


Overfull \hbox (10.13057pt too wide) in paragraph at lines 196--196
[]\TU/Arial(0)/m/n/10 Theoretical investigation of radiation from a size distri
bution of fractures\TU/Arial(0)/m/it/10 (Co-
 []


Underfull \hbox (badness 10000) in paragraph at lines 196--196

 []


Underfull \hbox (badness 10000) in paragraph at lines 196--196

 []


Overfull \hbox (3.09605pt too wide) in paragraph at lines 196--196
[]\TU/Arial(0)/m/n/10 Multiseismic phase characterization in laboratory rock de
formation experiments,
 []


Underfull \hbox (badness 10000) in paragraph at lines 196--196

 []

[3]
Underfull \hbox (badness 10000) in paragraph at lines 196--196

 []


Overfull \hbox (6.1348pt too wide) in paragraph at lines 196--196
[]\TU/Arial(0)/m/n/10 Identifying the unique ground motion signatures of supers
hear earthquakes:
 []


Underfull \hbox (badness 10000) in paragraph at lines 196--196

 []


Underfull \hbox (badness 10000) in paragraph at lines 196--196

 []


Underfull \hbox (badness 10000) in paragraph at lines 196--196

 []


Underfull \hbox (badness 10000) in paragraph at lines 196--196

 []


Overfull \hbox (0.31578pt too wide) in paragraph at lines 196--196
[]\TU/Arial(0)/m/n/10 Dynamics of subduction zone earthquakes, Prestige Marie-
 []

[4]
Package biblatex Info: Reference segment=2 on input line 200.
Package biblatex Info: Setting label 'refsegment:02' on input line 200.

Underfull \hbox (badness 10000) in paragraph at lines 198--203

 []

[5] [6]
Overfull \hbox (25.86957pt too wide) in paragraph at lines 203--203
\TU/Arial(0)/m/it/10 namic Path Selection Along Kinked and Branched Faults[]\TU
/Arial(0)/m/n/10 . \TU/Arial(0)/m/it/10 J. Geophys. Res. \TU/Arial(0)/m/n/10 D
OI: [][]$[][] [] [][][][] [] [][][][][][][][][][][][]$[][]. 
 []

Package biblatex Info: Reference segment=0 on input line 204.

AED: lastpage setting LastPage
[7]
Package atveryend Info: Empty hook `BeforeClearDocument' on input line 207.
Package atveryend Info: Empty hook `AfterLastShipout' on input line 207.
 (./CurriculumVitae.aux)
Package atveryend Info: Empty hook `AtVeryEndDocument' on input line 207.
Package atveryend Info: Executing hook `AtEndAfterFileList' on input line 207.
Package rerunfilecheck Info: File `CurriculumVitae.out' has not changed.
(rerunfilecheck)             Checksum: D41D8CD98F00B204E9800998ECF8427E.
Package logreq Info: Writing requests to 'CurriculumVitae.run.xml'.
\openout1 = `CurriculumVitae.run.xml'.

 )
(\end occurred when \ifx on line 161 was incomplete) 
Here is how much of TeX's memory you used:
 43107 strings out of 492916
 850873 string characters out of 6133345
 1334120 words of memory out of 5000000
 46631 multiletter control sequences out of 15000+600000
 534902 words of font info for 58 fonts, out of 8000000 for 9000
 1348 hyphenation exceptions out of 8191
 66i,14n,92p,1040b,5179s stack positions out of 5000i,500n,10000p,200000b,80000s

Output written on CurriculumVitae.pdf (7 pages).
